2023/08/05 08:53:30 [emerg] 4024#4024: getpwnam("nginx") failed in /etc/nginx/nginx.conf:2
2023/08/05 08:53:32 [emerg] 4025#4025: getpwnam("nginx") failed in /etc/nginx/nginx.conf:2
2023/08/05 08:54:01 [notice] 4137#4137: using the "epoll" event method
2023/08/05 08:54:01 [notice] 4137#4137: nginx/1.23.4 (nginx-quic-def8e398d7c5)
2023/08/05 08:54:01 [notice] 4137#4137: built by gcc 11.2.0 (Ubuntu 11.2.0-19ubuntu1) 
2023/08/05 08:54:01 [notice] 4137#4137: OS: Linux 6.1.0-1parrot1-amd64
2023/08/05 08:54:01 [notice] 4137#4137: getrlimit(RLIMIT_NOFILE): 1024:1048576
2023/08/05 08:54:01 [emerg] 4138#4138: open("/dev/null") failed (13: Permission denied)
2023/08/05 08:54:09 [notice] 4140#4140: using the "epoll" event method
2023/08/05 08:54:09 [notice] 4140#4140: nginx/1.23.4 (nginx-quic-def8e398d7c5)
2023/08/05 08:54:09 [notice] 4140#4140: built by gcc 11.2.0 (Ubuntu 11.2.0-19ubuntu1) 
2023/08/05 08:54:09 [notice] 4140#4140: OS: Linux 6.1.0-1parrot1-amd64
2023/08/05 08:54:09 [notice] 4140#4140: getrlimit(RLIMIT_NOFILE): 1024:1048576
2023/08/05 08:54:09 [emerg] 4141#4141: open("/dev/null") failed (13: Permission denied)
2023/08/05 08:54:17 [notice] 4147#4147: using the "epoll" event method
2023/08/05 08:54:17 [notice] 4147#4147: nginx/1.23.4 (nginx-quic-def8e398d7c5)
2023/08/05 08:54:17 [notice] 4147#4147: built by gcc 11.2.0 (Ubuntu 11.2.0-19ubuntu1) 
2023/08/05 08:54:17 [notice] 4147#4147: OS: Linux 6.1.0-1parrot1-amd64
2023/08/05 08:54:17 [notice] 4147#4147: getrlimit(RLIMIT_NOFILE): 1024:1048576
2023/08/05 08:54:17 [notice] 4148#4148: start worker processes
2023/08/05 08:54:17 [notice] 4148#4148: start worker process 4149
2023/08/05 08:54:17 [notice] 4148#4148: start worker process 4150
2023/08/05 08:54:17 [notice] 4148#4148: start worker process 4151
2023/08/05 08:54:17 [notice] 4148#4148: start worker process 4152
2023/08/05 08:54:17 [notice] 4148#4148: start worker process 4153
2023/08/05 08:54:17 [notice] 4148#4148: start worker process 4154
2023/08/05 09:02:34 [notice] 4148#4148: signal 15 (SIGTERM) received from 4755, exiting
2023/08/05 09:02:34 [notice] 4150#4150: signal 15 (SIGTERM) received from 4755, exiting
2023/08/05 09:02:34 [notice] 4149#4149: signal 15 (SIGTERM) received from 4755, exiting
2023/08/05 09:02:34 [notice] 4150#4150: exiting
2023/08/05 09:02:34 [notice] 4149#4149: exiting
2023/08/05 09:02:34 [notice] 4153#4153: exiting
2023/08/05 09:02:34 [notice] 4151#4151: exiting
2023/08/05 09:02:34 [notice] 4149#4149: exit
2023/08/05 09:02:34 [notice] 4152#4152: exiting
2023/08/05 09:02:34 [notice] 4150#4150: exit
2023/08/05 09:02:34 [notice] 4153#4153: exit
2023/08/05 09:02:34 [notice] 4151#4151: exit
2023/08/05 09:02:34 [notice] 4152#4152: exit
2023/08/05 09:02:34 [notice] 4154#4154: exiting
2023/08/05 09:02:34 [notice] 4154#4154: signal 15 (SIGTERM) received from 4755, exiting
2023/08/05 09:02:34 [notice] 4154#4154: exit
2023/08/05 09:02:34 [notice] 4148#4148: signal 17 (SIGCHLD) received from 4154
2023/08/05 09:02:34 [notice] 4148#4148: worker process 4153 exited with code 0
2023/08/05 09:02:34 [notice] 4148#4148: worker process 4154 exited with code 0
2023/08/05 09:02:34 [notice] 4148#4148: signal 29 (SIGIO) received
2023/08/05 09:02:34 [notice] 4148#4148: signal 17 (SIGCHLD) received from 4151
2023/08/05 09:02:34 [notice] 4148#4148: worker process 4149 exited with code 0
2023/08/05 09:02:34 [notice] 4148#4148: worker process 4151 exited with code 0
2023/08/05 09:02:34 [notice] 4148#4148: worker process 4152 exited with code 0
2023/08/05 09:02:34 [notice] 4148#4148: signal 29 (SIGIO) received
2023/08/05 09:02:34 [notice] 4148#4148: signal 17 (SIGCHLD) received from 4150
2023/08/05 09:02:34 [notice] 4148#4148: worker process 4150 exited with code 0
2023/08/05 09:02:34 [notice] 4148#4148: exit
2023/08/05 09:02:39 [notice] 4763#4763: using the "epoll" event method
2023/08/05 09:02:39 [notice] 4763#4763: nginx/1.23.4 (nginx-quic-def8e398d7c5)
2023/08/05 09:02:39 [notice] 4763#4763: built by gcc 11.2.0 (Ubuntu 11.2.0-19ubuntu1) 
2023/08/05 09:02:39 [notice] 4763#4763: OS: Linux 6.1.0-1parrot1-amd64
2023/08/05 09:02:39 [notice] 4763#4763: getrlimit(RLIMIT_NOFILE): 1024:1048576
2023/08/05 09:02:39 [notice] 4764#4764: start worker processes
2023/08/05 09:02:39 [notice] 4764#4764: start worker process 4765
2023/08/05 09:02:39 [notice] 4764#4764: start worker process 4766
2023/08/05 09:02:39 [notice] 4764#4764: start worker process 4767
2023/08/05 09:02:39 [notice] 4764#4764: start worker process 4768
2023/08/05 09:02:39 [notice] 4764#4764: start worker process 4769
2023/08/05 09:02:39 [notice] 4764#4764: start worker process 4770
